The following packages were automatically installed and are no longer required:
  libbasicusageenvironment1 libcamera0.2 libdrm-nouveau2 libgroupsock8 liblivemedia77 libunwind8 rpicam-apps-lite
Use 'sudo apt autoremove' to remove them.
The following NEW packages will be installed:
  dconf-cli firmware-intel-graphics firmware-intel-misc firmware-marvell-prestera firmware-mediatek firmware-nvidia-graphics libbasicusageenvironment2 libcamera0.5 libdtovl0 libgpiolib0
  libgroupsock30 liblivemedia116 librpicam-app1 linux-headers-6.12.34+rpt-common-rpi linux-headers-6.12.34+rpt-rpi-v6 linux-headers-6.12.34+rpt-rpi-v7 linux-headers-6.12.34+rpt-rpi-v7l
  linux-image-6.12.34+rpt-rpi-v6 linux-image-6.12.34+rpt-rpi-v7 linux-image-6.12.34+rpt-rpi-v7l linux-image-6.12.34+rpt-rpi-v8:arm64 linux-kbuild-6.12.34+rpt mesa-libgallium pastebinit
  raspi-utils-core raspi-utils-dt raspi-utils-eeprom raspi-utils-otp raspinfo rpicam-apps-core
The following packages will be upgraded:
  avahi-daemon base-files bluez bsdextrautils bsdutils ca-certificates cpp-12 curl dirmngr distro-info-data dns-root-data dnsmasq-base dpkg dpkg-dev eject fdisk firmware-atheros firmware-brcm80211
  firmware-libertas firmware-misc-nonfree firmware-realtek g++-12 gcc-12 gcc-12-base git git-man gnupg gnupg-l10n gnupg-utils gpg gpg-agent gpg-wks-client gpg-wks-server gpgconf gpgsm gpgv
  gtk-update-icon-cache init init-system-helpers initramfs-tools initramfs-tools-core iputils-ping kms++-utils less libabsl20220623 libaom3 libarchive13 libasan8 libatomic1 libavahi-client3
  libavahi-common-data libavahi-common3 libavahi-core7 libavcodec59 libavfilter8 libavformat59 libavif15 libavutil57 libblkid1 libblockdev-crypto2 libblockdev-fs2 libblockdev-loop2
  libblockdev-part-err2 libblockdev-part2 libblockdev-swap2 libblockdev-utils2 libblockdev2 libbluetooth3 libbpf1 libc-bin libc-dev-bin libc-devtools libc-l10n libc6 libc6-dbg libc6-dev
  libcamera-ipa libcamera0.2 libcap2 libcap2-bin libcc1-0 libcjson1 libcups2 libcurl3-gnutls libcurl4 libdav1d6 libdpkg-perl libdrm-amdgpu1 libdrm-common libdrm-nouveau2 libdrm-omap1
  libdrm-radeon1 libdrm2 libebml5 libegl-mesa0 libexpat1 libexpat1-dev libfdisk1 libfreetype6 libgbm1 libgcc-12-dev libgcc-s1 libgdk-pixbuf-2.0-0 libgdk-pixbuf2.0-bin libgdk-pixbuf2.0-common
  libgfortran5 libgl1-mesa-dri libglapi-mesa libglib2.0-0 libglx-mesa0 libgnutls30 libgomp1 libgssapi-krb5-2 libgtk-3-0 libgtk-3-bin libgtk-3-common libheif1 libicu72 libjxl0.7 libk5crypto3
  libkms++0 libkrb5-3 libkrb5support0 libluajit-5.1-2 libluajit-5.1-common liblzma5 libmount1 libmpg123-0 libndp0 libnfsidmap1 libnghttp2-14 libnm0 libnss3 libntfs-3g89 libopenjp2-7 libpam-systemd
  libperl5.36 libpisp-common libpisp1 libpixman-1-0 libpostproc56 libpulse0 libpython3.11 libpython3.11-dev libpython3.11-minimal libpython3.11-stdlib libqt5core5a libqt5dbus5 libqt5gui5
  libqt5network5 libqt5widgets5 librabbitmq4 libseccomp2 libsmartcols1 libsndfile1 libsqlite3-0 libsrt1.5-gnutls libssl3 libstdc++-12-dev libstdc++6 libswresample4 libswscale6 libsystemd-shared
  libsystemd0 libtasn1-6 libtheora0 libtiff6 libubsan1 libudev1 libudisks2-0 libusageenvironment3 libuuid1 libvlc-bin libvlc5 libvlccore9 libvpx7 libwayland-client0 libwayland-cursor0
  libwayland-egl1 libwayland-server0 libxml2 linux-headers-rpi-v6 linux-headers-rpi-v7 linux-headers-rpi-v7l linux-image-rpi-v6 linux-image-rpi-v7 linux-image-rpi-v7l linux-image-rpi-v8:arm64
  linux-libc-dev locales login luajit mesa-va-drivers mesa-vdpau-drivers mesa-vulkan-drivers mount nano net-tools network-manager nfs-common ntfs-3g openssh-client openssh-server
  openssh-sftp-server openssl passwd perl perl-base perl-modules-5.36 python-is-python3 python3-gpiozero python3-idna python3-pkg-resources python3-rpi-lgpio python3-setuptools
  python3-setuptools-whl python3-urllib3 python3.11 python3.11-dev python3.11-minimal python3.11-venv qt5-gtk-platformtheme raspberrypi-net-mods raspberrypi-sys-mods raspi-config raspi-firmware
  raspi-utils raspotify rfkill rpi-eeprom rpicam-apps-lite rsync ssh sudo systemd systemd-sysv systemd-timesyncd tzdata ucf udev udisks2 userconf-pi util-linux util-linux-extra vim-common vim-tiny
  vlc vlc-bin vlc-data vlc-l10n vlc-plugin-access-extra vlc-plugin-base vlc-plugin-notify vlc-plugin-qt vlc-plugin-samba vlc-plugin-skins2 vlc-plugin-video-output vlc-plugin-video-splitter
  vlc-plugin-visualization wget wireless-regdb wpasupplicant xz-utils zlib1g zlib1g-dev
265 upgraded, 30 newly installed, 0 to remove and 0 not upgraded.