2025-05-26T17:13:49+0200 the-alarm-clock kernel: rtlwifi: AP off, try to reconnect now
2025-05-26T17:13:49+0200 the-alarm-clock kernel: wlan0: Connection to AP 3c:37:12:eb:db:f0 lost
2025-05-26T17:13:49+0200 the-alarm-clock wpa_supplicant[491]: wlan0: CTRL-EVENT-DISCONNECTED bssid=3c:37:12:eb:db:f0 reason=4 locally_generated=1
2025-05-26T17:13:49+0200 the-alarm-clock wpa_supplicant[491]: wlan0: CTRL-EVENT-REGDOM-CHANGE init=CORE type=WORLD
2025-05-26T17:13:49+0200 the-alarm-clock wpa_supplicant[491]: wlan0: CTRL-EVENT-REGDOM-CHANGE init=USER type=COUNTRY alpha2=DE
2025-05-26T17:13:49+0200 the-alarm-clock NetworkManager[488]: <info>  [1748272429.7082] device (wlan0): supplicant interface state: completed -> disconnected
2025-05-26T17:13:49+0200 the-alarm-clock NetworkManager[488]: <info>  [1748272429.7085] device (p2p-dev-wlan0): supplicant management interface state: completed -> disconnected
2025-05-26T17:13:49+0200 the-alarm-clock NetworkManager[488]: <info>  [1748272429.8048] device (wlan0): supplicant interface state: disconnected -> scanning
2025-05-26T17:13:49+0200 the-alarm-clock NetworkManager[488]: <info>  [1748272429.8051] device (p2p-dev-wlan0): supplicant management interface state: disconnected -> scanning
2025-05-26T17:13:51+0200 the-alarm-clock wpa_supplicant[491]: wlan0: SME: Trying to authenticate with 3c:37:12:eb:db:f0 (SSID='/usr/sbin/ifup wlan2' freq=2437 MHz)
2025-05-26T17:13:51+0200 the-alarm-clock kernel: wlan0: authenticate with 3c:37:12:eb:db:f0
2025-05-26T17:13:51+0200 the-alarm-clock kernel: wlan0: 80 MHz not supported, disabling VHT
2025-05-26T17:13:51+0200 the-alarm-clock kernel: wlan0: send auth to 3c:37:12:eb:db:f0 (try 1/3)
2025-05-26T17:13:51+0200 the-alarm-clock NetworkManager[488]: <info>  [1748272431.0780] device (wlan0): supplicant interface state: scanning -> authenticating
2025-05-26T17:13:51+0200 the-alarm-clock NetworkManager[488]: <info>  [1748272431.0783] device (p2p-dev-wlan0): supplicant management interface state: scanning -> authenticating
2025-05-26T17:13:51+0200 the-alarm-clock kernel: wlan0: authenticated
2025-05-26T17:13:51+0200 the-alarm-clock wpa_supplicant[491]: wlan0: Trying to associate with 3c:37:12:eb:db:f0 (SSID='/usr/sbin/ifup wlan2' freq=2437 MHz)
2025-05-26T17:13:51+0200 the-alarm-clock kernel: wlan0: associate with 3c:37:12:eb:db:f0 (try 1/3)
2025-05-26T17:13:51+0200 the-alarm-clock kernel: wlan0: RX AssocResp from 3c:37:12:eb:db:f0 (capab=0x1431 status=0 aid=4)
2025-05-26T17:13:51+0200 the-alarm-clock NetworkManager[488]: <info>  [1748272431.1145] device (wlan0): supplicant interface state: authenticating -> associating
2025-05-26T17:13:51+0200 the-alarm-clock NetworkManager[488]: <info>  [1748272431.1148] device (p2p-dev-wlan0): supplicant management interface state: authenticating -> associating
2025-05-26T17:13:51+0200 the-alarm-clock wpa_supplicant[491]: wlan0: Associated with 3c:37:12:eb:db:f0
2025-05-26T17:13:51+0200 the-alarm-clock wpa_supplicant[491]: wlan0: CTRL-EVENT-SUBNET-STATUS-UPDATE status=0
2025-05-26T17:13:51+0200 the-alarm-clock wpa_supplicant[491]: wlan0: CTRL-EVENT-REGDOM-CHANGE init=COUNTRY_IE type=COUNTRY alpha2=DE
2025-05-26T17:13:51+0200 the-alarm-clock kernel: wlan0: associated
2025-05-26T17:13:51+0200 the-alarm-clock kernel: wlan0: Limiting TX power to 20 (20 - 0) dBm as advertised by 3c:37:12:eb:db:f0
2025-05-26T17:13:51+0200 the-alarm-clock NetworkManager[488]: <info>  [1748272431.2291] device (wlan0): supplicant interface state: associating -> 4way_handshake
2025-05-26T17:13:51+0200 the-alarm-clock NetworkManager[488]: <info>  [1748272431.2294] device (p2p-dev-wlan0): supplicant management interface state: associating -> 4way_handshake
2025-05-26T17:13:51+0200 the-alarm-clock wpa_supplicant[491]: wlan0: WPA: Key negotiation completed with 3c:37:12:eb:db:f0 [PTK=CCMP GTK=CCMP]
2025-05-26T17:13:51+0200 the-alarm-clock wpa_supplicant[491]: wlan0: CTRL-EVENT-CONNECTED - Connection to 3c:37:12:eb:db:f0 completed [id=0 id_str=]
2025-05-26T17:13:51+0200 the-alarm-clock wpa_supplicant[491]: bgscan simple: Failed to enable signal strength monitoring
2025-05-26T17:13:51+0200 the-alarm-clock NetworkManager[488]: <info>  [1748272431.3418] device (wlan0): supplicant interface state: 4way_handshake -> completed
2025-05-26T17:13:51+0200 the-alarm-clock NetworkManager[488]: <info>  [1748272431.3438] device (wlan0): ip:dhcp4: restarting
2025-05-26T17:13:51+0200 the-alarm-clock NetworkManager[488]: <info>  [1748272431.3848] dhcp4 (wlan0): canceled DHCP transaction
2025-05-26T17:13:51+0200 the-alarm-clock NetworkManager[488]: <info>  [1748272431.3850] dhcp4 (wlan0): activation: beginning transaction (timeout in 45 seconds)
2025-05-26T17:13:51+0200 the-alarm-clock NetworkManager[488]: <info>  [1748272431.3851] dhcp4 (wlan0): state changed no lease
2025-05-26T17:13:51+0200 the-alarm-clock NetworkManager[488]: <info>  [1748272431.3855] dhcp4 (wlan0): activation: beginning transaction (timeout in 45 seconds)
2025-05-26T17:13:51+0200 the-alarm-clock NetworkManager[488]: <info>  [1748272431.3861] device (wlan0): ip:dhcp6: restarting
2025-05-26T17:13:51+0200 the-alarm-clock NetworkManager[488]: <info>  [1748272431.3863] dhcp6 (wlan0): canceled DHCP transaction
2025-05-26T17:13:51+0200 the-alarm-clock NetworkManager[488]: <info>  [1748272431.3863] dhcp6 (wlan0): activation: beginning transaction (timeout in 45 seconds)
2025-05-26T17:13:51+0200 the-alarm-clock NetworkManager[488]: <info>  [1748272431.3864] dhcp6 (wlan0): state changed no lease
2025-05-26T17:13:51+0200 the-alarm-clock NetworkManager[488]: <info>  [1748272431.3867] dhcp6 (wlan0): activation: beginning transaction (timeout in 45 seconds)
2025-05-26T17:13:51+0200 the-alarm-clock NetworkManager[488]: <info>  [1748272431.3870] device (p2p-dev-wlan0): supplicant management interface state: 4way_handshake -> completed
2025-05-26T17:13:51+0200 the-alarm-clock NetworkManager[488]: <info>  [1748272431.4043] dhcp4 (wlan0): state changed new lease, address=192.168.178.44
2025-05-26T17:13:51+0200 the-alarm-clock dbus-daemon[420]: [system] Activating via systemd: service name='org.freedesktop.nm_dispatcher' unit='dbus-org.freedesktop.nm-dispatcher.service' requested by ':1.7' (uid=0 pid=488 comm="/usr/sbin/NetworkManager >
2025-05-26T17:13:51+0200 the-alarm-clock NetworkManager[488]: <info>  [1748272431.4790] dhcp6 (wlan0): state changed new lease, address=2001:a62:40f:2601:27d3:c8fd:c0d5:bd8d
2025-05-26T17:13:51+0200 the-alarm-clock systemd[1]: Starting NetworkManager-dispatcher.service - Network Manager Script Dispatcher Service...
2025-05-26T17:13:51+0200 the-alarm-clock dbus-daemon[420]: [system] Successfully activated service 'org.freedesktop.nm_dispatcher'
2025-05-26T17:13:51+0200 the-alarm-clock systemd[1]: Started NetworkManager-dispatcher.service - Network Manager Script Dispatcher Service.